c:\users\usuario\source\repos\jogo 2d-tecnicas de programacao\jogo 2d-tecnicas de programacao\debug\vc143.pdb
c:\users\usuario\source\repos\jogo 2d-tecnicas de programacao\jogo 2d-tecnicas de programacao\debug\vc143.idb
e:\visual studio\jogo2d-tecnicas-de-programacao-main\jogo 2d\jogo 2d-tecnicas de programacao\debug\vc143.pdb
e:\visual studio\jogo2d-tecnicas-de-programacao-main\jogo 2d\jogo 2d-tecnicas de programacao\debug\vc143.idb
e:\visual studio\jogo2d-tecnicas-de-programacao-main\jogo 2d\jogo 2d-tecnicas de programacao\debug\projetil.obj
e:\visual studio\jogo2d-tecnicas-de-programacao-main\jogo 2d\jogo 2d-tecnicas de programacao\debug\plataforma.obj
e:\visual studio\jogo2d-tecnicas-de-programacao-main\jogo 2d\jogo 2d-tecnicas de programacao\debug\personagem.obj
e:\visual studio\jogo2d-tecnicas-de-programacao-main\jogo 2d\jogo 2d-tecnicas de programacao\debug\obstaculo.obj
e:\visual studio\jogo2d-tecnicas-de-programacao-main\jogo 2d\jogo 2d-tecnicas de programacao\debug\morcego.obj
e:\visual studio\jogo2d-tecnicas-de-programacao-main\jogo 2d\jogo 2d-tecnicas de programacao\debug\menu.obj
e:\visual studio\jogo2d-tecnicas-de-programacao-main\jogo 2d\jogo 2d-tecnicas de programacao\debug\main.obj
e:\visual studio\jogo2d-tecnicas-de-programacao-main\jogo 2d\jogo 2d-tecnicas de programacao\debug\lista_entidades.obj
e:\visual studio\jogo2d-tecnicas-de-programacao-main\jogo 2d\jogo 2d-tecnicas de programacao\debug\jogo.obj
e:\visual studio\jogo2d-tecnicas-de-programacao-main\jogo 2d\jogo 2d-tecnicas de programacao\debug\jogador.obj
e:\visual studio\jogo2d-tecnicas-de-programacao-main\jogo 2d\jogo 2d-tecnicas de programacao\debug\inimigo.obj
e:\visual studio\jogo2d-tecnicas-de-programacao-main\jogo 2d\jogo 2d-tecnicas de programacao\debug\gerenciador_grafico.obj
e:\visual studio\jogo2d-tecnicas-de-programacao-main\jogo 2d\jogo 2d-tecnicas de programacao\debug\gerenciador_eventos.obj
e:\visual studio\jogo2d-tecnicas-de-programacao-main\jogo 2d\jogo 2d-tecnicas de programacao\debug\gerenciador_colisoes.obj
e:\visual studio\jogo2d-tecnicas-de-programacao-main\jogo 2d\jogo 2d-tecnicas de programacao\debug\faseum.obj
e:\visual studio\jogo2d-tecnicas-de-programacao-main\jogo 2d\jogo 2d-tecnicas de programacao\debug\fasedois.obj
e:\visual studio\jogo2d-tecnicas-de-programacao-main\jogo 2d\jogo 2d-tecnicas de programacao\debug\fase.obj
e:\visual studio\jogo2d-tecnicas-de-programacao-main\jogo 2d\jogo 2d-tecnicas de programacao\debug\esqueleto.obj
e:\visual studio\jogo2d-tecnicas-de-programacao-main\jogo 2d\jogo 2d-tecnicas de programacao\debug\entidade.obj
e:\visual studio\jogo2d-tecnicas-de-programacao-main\jogo 2d\jogo 2d-tecnicas de programacao\debug\ente.obj
e:\visual studio\jogo2d-tecnicas-de-programacao-main\jogo 2d\jogo 2d-tecnicas de programacao\debug\espinho.obj
e:\visual studio\jogo2d-tecnicas-de-programacao-main\jogo 2d\jogo 2d-tecnicas de programacao\debug\pause.obj
e:\visual studio\jogo2d-tecnicas-de-programacao-main\jogo 2d\jogo 2d-tecnicas de programacao\debug\fogo.obj
e:\visual studio\jogo2d-tecnicas-de-programacao-main\jogo 2d\jogo 2d-tecnicas de programacao\debug\chefao.obj
e:\visual studio\jogo2d-tecnicas-de-programacao-main\jogo 2d\jogo 2d-tecnicas de programacao\debug\jogadordois.obj
e:\visual studio\jogo2d-tecnicas-de-programacao-main\jogo 2d\debug\jogo 2d-tecnicas de programacao.exe
e:\visual studio\jogo2d-tecnicas-de-programacao-main\jogo 2d\jogo 2d-tecnicas de programacao\debug\jogo 2d-tecnicas de programacao.ilk
e:\visual studio\jogo2d-tecnicas-de-programacao-main\jogo 2d\debug\jogo 2d-tecnicas de programacao.pdb
e:\visual studio\jogo2d-tecnicas-de-programacao-main\jogo 2d\jogo 2d-tecnicas de programacao\debug\elemento.obj
e:\visual studio\jogo2d-tecnicas-de-programacao-main\jogo 2d\jogo 2d-tecnicas de programacao\debug\lista.obj
e:\visual studio\jogo2d-tecnicas-de-programacao-main\jogo 2d\jogo 2d-tecnicas de programacao\debug\novojogador.obj
e:\visual studio\jogo2d-tecnicas-de-programacao-main\jogo 2d\jogo 2d-tecnicas de programacao\debug\novomenu.obj
e:\visual studio\jogo2d-tecnicas-de-programacao-main\jogo 2d\jogo 2d-tecnicas de programacao\debug\plano.obj
e:\visual studio\jogo2d-tecnicas-de-programacao-main\jogo 2d\jogo 2d-tecnicas de programacao\debug\entidade.obj.enc
e:\visual studio\jogo2d-tecnicas-de-programacao-main\jogo 2d\jogo 2d-tecnicas de programacao\debug\espinho.obj.enc
e:\visual studio\jogo2d-tecnicas-de-programacao-main\jogo 2d\jogo 2d-tecnicas de programacao\debug\esqueleto.obj.enc
e:\visual studio\jogo2d-tecnicas-de-programacao-main\jogo 2d\jogo 2d-tecnicas de programacao\debug\fase.obj.enc
e:\visual studio\jogo2d-tecnicas-de-programacao-main\jogo 2d\jogo 2d-tecnicas de programacao\debug\fasedois.obj.enc
e:\visual studio\jogo2d-tecnicas-de-programacao-main\jogo 2d\jogo 2d-tecnicas de programacao\debug\faseum.obj.enc
e:\visual studio\jogo2d-tecnicas-de-programacao-main\jogo 2d\jogo 2d-tecnicas de programacao\debug\gerenciador_colisoes.obj.enc
e:\visual studio\jogo2d-tecnicas-de-programacao-main\jogo 2d\jogo 2d-tecnicas de programacao\debug\jogador.obj.enc
e:\visual studio\jogo2d-tecnicas-de-programacao-main\jogo 2d\jogo 2d-tecnicas de programacao\debug\jogo.obj.enc
e:\visual studio\jogo2d-tecnicas-de-programacao-main\jogo 2d\jogo 2d-tecnicas de programacao\debug\main.obj.enc
e:\visual studio\jogo2d-tecnicas-de-programacao-main\jogo 2d\jogo 2d-tecnicas de programacao\debug\menu.obj.enc
e:\visual studio\jogo2d-tecnicas-de-programacao-main\jogo 2d\jogo 2d-tecnicas de programacao\debug\obstaculo.obj.enc
e:\visual studio\jogo2d-tecnicas-de-programacao-main\jogo 2d\jogo 2d-tecnicas de programacao\debug\personagem.obj.enc
e:\visual studio\jogo2d-tecnicas-de-programacao-main\jogo 2d\jogo 2d-tecnicas de programacao\debug\plano.obj.enc
e:\visual studio\jogo2d-tecnicas-de-programacao-main\jogo 2d\jogo 2d-tecnicas de programacao\debug\projetil.obj.enc
e:\visual studio\jogo2d-tecnicas-de-programacao-main\jogo 2d\jogo 2d-tecnicas de programacao\debug\jogo 2d-.91477ec2.tlog\cl.command.1.tlog
e:\visual studio\jogo2d-tecnicas-de-programacao-main\jogo 2d\jogo 2d-tecnicas de programacao\debug\jogo 2d-.91477ec2.tlog\cl.read.1.tlog
e:\visual studio\jogo2d-tecnicas-de-programacao-main\jogo 2d\jogo 2d-tecnicas de programacao\debug\jogo 2d-.91477ec2.tlog\cl.write.1.tlog
e:\visual studio\jogo2d-tecnicas-de-programacao-main\jogo 2d\jogo 2d-tecnicas de programacao\debug\jogo 2d-.91477ec2.tlog\link.command.1.tlog
e:\visual studio\jogo2d-tecnicas-de-programacao-main\jogo 2d\jogo 2d-tecnicas de programacao\debug\jogo 2d-.91477ec2.tlog\link.read.1.tlog
e:\visual studio\jogo2d-tecnicas-de-programacao-main\jogo 2d\jogo 2d-tecnicas de programacao\debug\jogo 2d-.91477ec2.tlog\link.write.1.tlog
