  Ente.cpp
  Entidade.cpp
  Fase.cpp
  FaseDois.cpp
  FaseUm.cpp
  Gerenciador_Colisoes.cpp
  Gerenciador_Grafico.cpp
  Inimigo.cpp
C:\FACUL\programação\JOGO SIMAO\Jogo 2D\Jogo 2D-Tecnicas de Programacao\Inimigo.cpp(17,46): warning C4244: 'argumento': conversão de 'unsigned int' para 'T', possível perda de dados
          with
          [
              T=float
          ]
  Jogador.cpp
C:\FACUL\programação\JOGO SIMAO\Jogo 2D\Jogo 2D-Tecnicas de Programacao\Jogador.cpp(15,46): warning C4244: 'argumento': conversão de 'unsigned int' para 'T', possível perda de dados
          with
          [
              T=float
          ]
  Jogo.cpp
C:\FACUL\programação\JOGO SIMAO\Jogo 2D\Jogo 2D-Tecnicas de Programacao\Jogo.cpp(16,6): warning C4101: 'i': variável local não referenciada
C:\FACUL\programação\JOGO SIMAO\Jogo 2D\Jogo 2D-Tecnicas de Programacao\Jogo.cpp(31,40): warning C4244: 'argumento': conversão de 'unsigned int' para 'T', possível perda de dados
          with
          [
              T=float
          ]
  Menu.cpp
  Obstaculo.cpp
  Personagem.cpp
  Plano.cpp
  Projetil.cpp
  main.cpp
  Gerando Código...
  Jogo 2D-Tecnicas de Programacao.vcxproj -> C:\FACUL\programação\JOGO SIMAO\Jogo 2D\Debug\Jogo 2D-Tecnicas de Programacao.exe
